# JRE version: Java(TM) SE Runtime Environment (8.0_05-b13) (build 1.8.0_05-b13)
# Java VM: Java HotSpot(TM) 64-Bit Server VM (25.5-b02 mixed mode bsd-amd64 compressed oops)
Heap:
 PSYoungGen      total 1536K, used 872K [0x00000007a0000000, 0x00000007a0200000, 0x00000007c0000000)
  eden space 1024K, 36% used [0x00000007a0000000,0x00000007a005e3d8,0x00000007a0100000)
  from space 512K, 96% used [0x00000007a0180000,0x00000007a01fc010,0x00000007a0200000)
  to   space 512K, 0% used [0x00000007a0100000,0x00000007a0100000,0x00000007a0180000)
 ParOldGen       total 96768K, used 24K [0x0000000760000000, 0x0000000765e80000, 0x00000007a0000000)
  object space 96768K, 0% used [0x0000000760000000,0x0000000760006000,0x0000000765e80000)
 Metaspace       used 4747K, capacity 4906K, committed 4992K, reserved 1056768K
  class space    used 544K, capacity 586K, committed 640K, reserved 1048576K
GC Heap History (4 events):
Event: 0.129 GC heap before
{Heap before GC invocations=1 (full 0):
 PSYoungGen      total 1024K, used 512K [0x00000007a0000000, 0x00000007a0180000, 0x00000007c0000000)
  eden space 512K, 100% used [0x00000007a0000000,0x00000007a0080000,0x00000007a0080000)
  from space 512K, 0% used [0x00000007a0100000,0x00000007a0100000,0x00000007a0180000)
  to   space 512K, 0% used [0x00000007a0080000,0x00000007a0080000,0x00000007a0100000)
 ParOldGen       total 96768K, used 0K [0x0000000760000000, 0x0000000765e80000, 0x00000007a0000000)
  object space 96768K, 0% used [0x0000000760000000,0x0000000760000000,0x0000000765e80000)
 Metaspace       used 2485K, capacity 4480K, committed 4480K, reserved 1056768K
  class space    used 267K, capacity 384K, committed 384K, reserved 1048576K
Event: 0.131 GC heap after
Heap after GC invocations=1 (full 0):
 PSYoungGen      total 1024K, used 384K [0x00000007a0000000, 0x00000007a0200000, 0x00000007c0000000)
  eden space 512K, 0% used [0x00000007a0000000,0x00000007a0000000,0x00000007a0080000)
  from space 512K, 75% used [0x00000007a0080000,0x00000007a00e0020,0x00000007a0100000)
  to   space 512K, 0% used [0x00000007a0180000,0x00000007a0180000,0x00000007a0200000)
 ParOldGen       total 96768K, used 0K [0x0000000760000000, 0x0000000765e80000, 0x00000007a0000000)
  object space 96768K, 0% used [0x0000000760000000,0x0000000760000000,0x0000000765e80000)
 Metaspace       used 2485K, capacity 4480K, committed 4480K, reserved 1056768K
  class space    used 267K, capacity 384K, committed 384K, reserved 1048576K
}
Event: 0.178 GC heap before
{Heap before GC invocations=2 (full 0):
 PSYoungGen      total 1024K, used 896K [0x00000007a0000000, 0x00000007a0200000, 0x00000007c0000000)
  eden space 512K, 100% used [0x00000007a0000000,0x00000007a0080000,0x00000007a0080000)
  from space 512K, 75% used [0x00000007a0080000,0x00000007a00e0020,0x00000007a0100000)
  to   space 512K, 0% used [0x00000007a0180000,0x00000007a0180000,0x00000007a0200000)
 ParOldGen       total 96768K, used 0K [0x0000000760000000, 0x0000000765e80000, 0x00000007a0000000)
  object space 96768K, 0% used [0x0000000760000000,0x0000000760000000,0x0000000765e80000)
 Metaspace       used 3139K, capacity 4522K, committed 4864K, reserved 1056768K
  class space    used 337K, capacity 418K, committed 512K, reserved 1048576K
Event: 0.180 GC heap after
Heap after GC invocations=2 (full 0):
 PSYoungGen      total 1536K, used 496K [0x00000007a0000000, 0x00000007a0200000, 0x00000007c0000000)
  eden space 1024K, 0% used [0x00000007a0000000,0x00000007a0000000,0x00000007a0100000)
  from space 512K, 96% used [0x00000007a0180000,0x00000007a01fc010,0x00000007a0200000)
  to   space 512K, 0% used [0x00000007a0100000,0x00000007a0100000,0x00000007a0180000)
 ParOldGen       total 96768K, used 24K [0x0000000760000000, 0x0000000765e80000, 0x00000007a0000000)
  object space 96768K, 0% used [0x0000000760000000,0x0000000760006000,0x0000000765e80000)
 Metaspace       used 3139K, capacity 4522K, committed 4864K, reserved 1056768K
  class space    used 337K, capacity 418K, committed 512K, reserved 1048576K
}

